20220403 00:43:20 INFO  [main] ims.IMS IMS.java38 - Welcome to the Inventory Management System!
20220403 00:43:20 INFO  [main] ims.IMS IMS.java43 - Which entity would you like to use?
20220403 00:43:20 INFO  [main] domain.Domain Domain.java27 - CUSTOMER: Information about customers
20220403 00:43:20 INFO  [main] domain.Domain Domain.java27 - ITEM: Individual Items
20220403 00:43:20 INFO  [main] domain.Domain Domain.java27 - ORDER: Purchases of items
20220403 00:43:20 INFO  [main] domain.Domain Domain.java27 - STOP: To close the application
20220403 00:43:28 INFO  [main] ims.IMS IMS.java74 - What would you like to do with order:
20220403 00:43:28 INFO  [main] controller.Action Action.java38 - CREATE: To save a new entity into the database
20220403 00:43:28 INFO  [main] controller.Action Action.java38 - READ: To read an entity from the database
20220403 00:43:28 INFO  [main] controller.Action Action.java38 - UPDATE: To change an entity already in the database
20220403 00:43:28 INFO  [main] controller.Action Action.java38 - DELETE: To remove an entity from the database
20220403 00:43:28 INFO  [main] controller.Action Action.java38 - RETURN: To return to domain selection
20220403 00:43:31 INFO  [main] controller.OrderController OrderController.java51 - Please enter your customer id to create an order, to add an item to your order please update your order once it has been created
20220403 00:43:33 DEBUG [main] dao.OrderDAO OrderDAO.java103 - java.sql.SQLIntegrityConstraintViolationException: Cannot add or update a child row: a foreign key constraint fails (`ims`.`orders`, CONSTRAINT `orders_ibfk_1` FOREIGN KEY (`customer_id`) REFERENCES `customers` (`id`))
20220403 00:43:33 ERROR [main] dao.OrderDAO OrderDAO.java104 - Cannot add or update a child row: a foreign key constraint fails (`ims`.`orders`, CONSTRAINT `orders_ibfk_1` FOREIGN KEY (`customer_id`) REFERENCES `customers` (`id`))
20220403 00:43:33 INFO  [main] ims.IMS IMS.java74 - What would you like to do with order:
20220403 00:43:33 INFO  [main] controller.Action Action.java38 - CREATE: To save a new entity into the database
20220403 00:43:33 INFO  [main] controller.Action Action.java38 - READ: To read an entity from the database
20220403 00:43:33 INFO  [main] controller.Action Action.java38 - UPDATE: To change an entity already in the database
20220403 00:43:33 INFO  [main] controller.Action Action.java38 - DELETE: To remove an entity from the database
20220403 00:43:33 INFO  [main] controller.Action Action.java38 - RETURN: To return to domain selection
